<?xml version="1.0" encoding="UTF-8"?>
<testsuite name="TestSuite" time="0" tests="0" errors="0" skipped="0" failures="0">
  <properties>
    <property name="PROCESSOR_ARCHITECTURE" value="AMD64"/>
    <property name="file.encoding.pkg" value="sun.io"/>
    <property name="LOGONSERVER" value="\\XUNHE-PC64"/>
    <property name="CATALINA_LOGGING_CONFIG" value="-Djava.util.logging.config.file=&quot;C:\Users\xunhe\Desktop\apache-tomcat-9.0.41\conf\logging.properties&quot;"/>
    <property name="ProgramData" value="C:\ProgramData"/>
    <property name="java.home" value="C:\Program Files\Java\jdk1.8.0_151\jre"/>
    <property name="TITLE" value="Tomcat"/>
    <property name="NODE_NAME" value="master"/>
    <property name="JENKINS_URL" value="http://localhost:8080/jenkins/"/>
    <property name="CATALINA_HOME" value="C:\Users\xunhe\Desktop\apache-tomcat-9.0.41"/>
    <property name="ALLUSERSPROFILE" value="C:\ProgramData"/>
    <property name="java.endorsed.dirs" value="C:\Program Files\Java\jdk1.8.0_151\jre\lib\endorsed"/>
    <property name="PSModulePath" value="C:\Windows\system32\WindowsPowerShell\v1.0\Modules\"/>
    <property name="=::" value="::\"/>
    <property name="USERDOMAIN" value="XUNHE-PC64"/>
    <property name="sun.os.patch.level" value="Service Pack 1"/>
    <property name="java.vendor.url" value="http://java.oracle.com/"/>
    <property name="JAVA_OPTS" value=" -Djdk.tls.ephemeralDHKeySize=2048 -Djava.protocol.handler.pkgs=org.apache.catalina.webresources"/>
    <property name="CommonProgramFiles(x86)" value="C:\Program Files (x86)\Common Files"/>
    <property name="java.version" value="1.8.0_151"/>
    <property name="JOB_NAME" value="Selenium"/>
    <property name="COMPUTERNAME" value="XUNHE-PC64"/>
    <property name="windows_tracing_logfile" value="C:\BVTBin\Tests\installpackage\csilogfile.log"/>
    <property name="EXECUTABLE" value="C:\Users\xunhe\Desktop\apache-tomcat-9.0.41\bin\catalina.bat"/>
    <property name="java.vendor.url.bug" value="http://bugreport.sun.com/bugreport/"/>
    <property name="PUBLIC" value="C:\Users\Public"/>
    <property name="user.name" value="xunhe"/>
    <property name="sun.io.unicode.encoding" value="UnicodeLittle"/>
    <property name="sun.jnu.encoding" value="MS932"/>
    <property name="java.runtime.name" value="Java(TM) SE Runtime Environment"/>
    <property name="windir" value="C:\Windows"/>
    <property name="PROCESSOR_IDENTIFIER" value="Intel64 Family 6 Model 60 Stepping 3, GenuineIntel"/>
    <property name="java.specification.name" value="Java Platform API Specification"/>
    <property name="LOCALAPPDATA" value="C:\Users\xunhe\AppData\Local"/>
    <property name="RUN_CHANGES_DISPLAY_URL" value="http://localhost:8080/jenkins/job/Selenium/28/display/redirect?page=changes"/>
    <property name="user.timezone" value="Asia/Shanghai"/>
    <property name="user.script" value=""/>
    <property name="path.separator" value=";"/>
    <property name="NUMBER_OF_PROCESSORS" value="4"/>
    <property name="BUILD_TAG" value="jenkins-Selenium-28"/>
    <property name="windows_tracing_flags" value="3"/>
    <property name="file.encoding" value="MS932"/>
    <property name="sun.java.command" value="jenkins.maven3.agent.Maven35Main C:\Program Files\apache-maven-3.5.2 C:\Users\xunhe\Desktop\apache-tomcat-9.0.41\webapps\jenkins\WEB-INF\lib\remoting-4.5.jar C:\Users\xunhe\.jenkins\plugins\maven-plugin\WEB-INF\lib\maven35-interceptor-1.13.jar C:\Users\xunhe\.jenkins\plugins\maven-plugin\WEB-INF\lib\maven3-interceptor-commons-1.13.jar 57698"/>
    <property name="HUDSON_URL" value="http://localhost:8080/jenkins/"/>
    <property name="JENKINS_SERVER_COOKIE" value="57c44f9cf0e5b633"/>
    <property name="EXECUTOR_NUMBER" value="1"/>
    <property name="Path" value="C:\Windows\system32;C:\Windows;C:\Windows\System32\Wbem;C:\Windows\System32\WindowsPowerShell\v1.0\;C:\Program Files\Java\jdk1.8.0_151\bin;Z:\HTY\app\apache-maven-3.5.2\bin;C:\Program Files (x86)\IBM\Personal Communications\;C:\Program Files (x86)\IBM\Trace Facility\;C:\Program Files (x86)\scala\bin;C:\spark-2.2.1-bin-hadoop2.7\bin;C:\spark-2.2.1-bin-hadoop2.7\sbin;Z:\HTY\app\nodejs;C:\Program Files\Java\jdk1.8.0_151\bin;C:\Program Files\Java\jdk1.8.0_151\jre\bin;Z:\HTY\app\Git\cmd;;C:\Program Files\Microsoft VS Code\bin;C:\Program Files\JetBrains\IntelliJ IDEA 2020.1.2\bin;;Z:\HTY\app\nodejs\node_global"/>
    <property name="GIT_COMMIT" value="19185c38674c0786433fda1abac041e4eb4f5bc9"/>
    <property name="java.io.tmpdir" value="C:\Users\xunhe\AppData\Local\Temp\"/>
    <property name="APPDATA" value="C:\Users\xunhe\AppData\Roaming"/>
    <property name="user.language" value="ja"/>
    <property name="CATALINA_TMPDIR" value="C:\Users\xunhe\Desktop\apache-tomcat-9.0.41\temp"/>
    <property name="line.separator" value="&#10;"/>
    <property name="BUILD_URL" value="http://localhost:8080/jenkins/job/Selenium/28/"/>
    <property name="ACTION" value="start"/>
    <property name="M2_HOME" value="C:\Program Files\apache-maven-3.5.2"/>
    <property name="=C:" value="C:\Users\xunhe\Desktop\apache-tomcat-9.0.41\bin"/>
    <property name="java.vm.info" value="mixed mode"/>
    <property name="sun.desktop" value="windows"/>
    <property name="java.vm.specification.name" value="Java Virtual Machine Specification"/>
    <property name="BUILD_DISPLAY_NAME" value="#28"/>
    <property name="OS" value="Windows_NT"/>
    <property name="guice.disable.misplaced.annotation.check" value="true"/>
    <property name="CATALINA_BASE" value="C:\Users\xunhe\Desktop\apache-tomcat-9.0.41"/>
    <property name="HUDSON_SERVER_COOKIE" value="57c44f9cf0e5b633"/>
    <property name="JRE_HOME" value="C:\Program Files\Java\jdk1.8.0_151"/>
    <property name="_EXECJAVA" value="start &quot;Tomcat&quot; &quot;C:\Program Files\Java\jdk1.8.0_151\bin\java.exe&quot;"/>
    <property name="WORKSPACE_TMP" value="C:\Users\xunhe\.jenkins\workspace\Selenium@tmp"/>
    <property name="_RUNJAVA" value="&quot;C:\Program Files\Java\jdk1.8.0_151\bin\java.exe&quot;"/>
    <property name="MAVEN_HOME" value="C:\Program Files\apache-maven-3.5.2"/>
    <property name="SESSIONNAME" value="Console"/>
    <property name="PATHEXT" value=".COM;.EXE;.BAT;.CMD;.VBS;.VBE;.JS;.JSE;.WSF;.WSH;.MSC"/>
    <property name="java.awt.printerjob" value="sun.awt.windows.WPrinterJob"/>
    <property name="maven3.interceptor.common" value="C:\Users\xunhe\.jenkins\plugins\maven-plugin\WEB-INF\lib\maven3-interceptor-commons-1.13.jar"/>
    <property name="CLASSPATH" value=""/>
    <property name="HOMEPATH" value="\Users\xunhe"/>
    <property name="os.name" value="Windows 7"/>
    <property name="java.specification.vendor" value="Oracle Corporation"/>
    <property name="FP_NO_HOST_CHECK" value="NO"/>
    <property name="java.vm.name" value="Java HotSpot(TM) 64-Bit Server VM"/>
    <property name="BUILD_NUMBER" value="28"/>
    <property name="maven3.interceptor" value="C:\Users\xunhe\.jenkins\plugins\maven-plugin\WEB-INF\lib\maven35-interceptor-1.13.jar"/>
    <property name="SPARK_HOME" value="C:\spark-2.2.1-bin-hadoop2.7"/>
    <property name="java.library.path" value="C:\Program Files\Java\jdk1.8.0_151\bin;C:\Windows\Sun\Java\bin;C:\Windows\system32;C:\Windows;C:\Program Files\apache-maven-3.5.2/bin;C:\Windows\system32;C:\Windows;C:\Windows\System32\Wbem;C:\Windows\System32\WindowsPowerShell\v1.0\;C:\Program Files\Java\jdk1.8.0_151\bin;Z:\HTY\app\apache-maven-3.5.2\bin;C:\Program Files (x86)\IBM\Personal Communications\;C:\Program Files (x86)\IBM\Trace Facility\;C:\Program Files (x86)\scala\bin;C:\spark-2.2.1-bin-hadoop2.7\bin;C:\spark-2.2.1-bin-hadoop2.7\sbin;Z:\HTY\app\nodejs;C:\Program Files\Java\jdk1.8.0_151\bin;C:\Program Files\Java\jdk1.8.0_151\jre\bin;Z:\HTY\app\Git\cmd;;C:\Program Files\Microsoft VS Code\bin;C:\Program Files\JetBrains\IntelliJ IDEA 2020.1.2\bin;;Z:\HTY\app\nodejs\node_global;."/>
    <property name="HOMEDRIVE" value="C:"/>
    <property name="POM_GROUPID" value="Auto"/>
    <property name="POM_ARTIFACTID" value="Selenium"/>
    <property name="java.class.version" value="52.0"/>
    <property name="JSSE_OPTS" value="-Djdk.tls.ephemeralDHKeySize=2048"/>
    <property name="LOGGING_MANAGER" value="-Djava.util.logging.manager=org.apache.juli.ClassLoaderLogManager"/>
    <property name="_RUNJDB" value="&quot;C:\Program Files\Java\jdk1.8.0_151\bin\jdb.exe&quot;"/>
    <property name="JOB_URL" value="http://localhost:8080/jenkins/job/Selenium/"/>
    <property name="GIT_BRANCH" value="origin/main"/>
    <property name="RUN_DISPLAY_URL" value="http://localhost:8080/jenkins/job/Selenium/28/display/redirect"/>
    <property name="MAINCLASS" value="org.apache.catalina.startup.Bootstrap"/>
    <property name="JENKINS_HOME" value="C:\Users\xunhe\.jenkins"/>
    <property name="BUILD_ID" value="28"/>
    <property name="TEMP" value="C:\Users\xunhe\AppData\Local\Temp"/>
    <property name="sun.boot.library.path" value="C:\Program Files\Java\jdk1.8.0_151\jre\bin"/>
    <property name="JDK_JAVA_OPTIONS" value=" --add-opens=java.base/java.lang=ALL-UNNAMED --add-opens=java.base/java.io=ALL-UNNAMED --add-opens=java.rmi/sun.rmi.transport=ALL-UNNAMED"/>
    <property name="sun.management.compiler" value="HotSpot 64-Bit Tiered Compilers"/>
    <property name="java.awt.graphicsenv" value="sun.awt.Win32GraphicsEnvironment"/>
    <property name="user.variant" value=""/>
    <property name="PROCESSOR_REVISION" value="3c03"/>
    <property name="POM_VERSION" value="1.0-SNAPSHOT"/>
    <property name="HUDSON_HOME" value="C:\Users\xunhe\.jenkins"/>
    <property name="ProgramFiles(x86)" value="C:\Program Files (x86)"/>
    <property name="PATH+MAVEN" value="C:\Program Files\apache-maven-3.5.2/bin"/>
    <property name="IntelliJ IDEA" value="C:\Program Files\JetBrains\IntelliJ IDEA 2020.1.2\bin;"/>
    <property name="RUN_ARTIFACTS_DISPLAY_URL" value="http://localhost:8080/jenkins/job/Selenium/28/display/redirect?page=artifacts"/>
    <property name="PROMPT" value="$P$G"/>
    <property name="CURRENT_DIR" value="C:\Users\xunhe\Desktop\apache-tomcat-9.0.41\bin"/>
    <property name="java.vm.specification.version" value="1.8"/>
    <property name="JAVA_HOME" value="C:\Program Files\Java\jdk1.8.0_151"/>
    <property name="awt.toolkit" value="sun.awt.windows.WToolkit"/>
    <property name="NODE_LABELS" value="master"/>
    <property name="sun.cpu.isalist" value="amd64"/>
    <property name="USERPROFILE" value="C:\Users\xunhe"/>
    <property name="JOB_DISPLAY_URL" value="http://localhost:8080/jenkins/job/Selenium/display/redirect"/>
    <property name="java.ext.dirs" value="C:\Program Files\Java\jdk1.8.0_151\jre\lib\ext;C:\Windows\Sun\Java\lib\ext"/>
    <property name="os.version" value="6.1"/>
    <property name="user.home" value="C:\Users\xunhe"/>
    <property name="USERNAME" value="xunhe"/>
    <property name="java.vm.vendor" value="Oracle Corporation"/>
    <property name="PROCESSOR_LEVEL" value="6"/>
    <property name="CommonProgramW6432" value="C:\Program Files\Common Files"/>
    <property name="user.dir" value="Z:\HTY\workspace\Selenium"/>
    <property name="maven.conf" value="C:\Program Files\apache-maven-3.5.2\conf"/>
    <property name="ProgramW6432" value="C:\Program Files"/>
    <property name="TMP" value="C:\Users\xunhe\AppData\Local\Temp"/>
    <property name="sun.cpu.endian" value="little"/>
    <property name="PCOMM_Root" value="C:\Program Files (x86)\IBM\Personal Communications\"/>
    <property name="SCALA_HOME" value="C:\Program Files (x86)\scala"/>
    <property name="SystemDrive" value="C:"/>
    <property name="java.vm.version" value="25.151-b12"/>
    <property name="java.class.path" value="C:\Users\xunhe\.jenkins\plugins\maven-plugin\WEB-INF\lib\maven35-agent-1.13.jar;C:\Program Files\apache-maven-3.5.2\boot\plexus-classworlds-2.5.2.jar;C:\Program Files\apache-maven-3.5.2/conf/logging"/>
    <property name="org.slf4j.simpleLogger.defaultLogLevel" value="info"/>
    <property name="os.arch" value="amd64"/>
    <property name="WORKSPACE" value="C:\Users\xunhe\.jenkins\workspace\Selenium"/>
    <property name="ComSpec" value="C:\Windows\system32\cmd.exe"/>
    <property name="RUN_TESTS_DISPLAY_URL" value="http://localhost:8080/jenkins/job/Selenium/28/display/redirect?page=tests"/>
    <property name="sun.java.launcher" value="SUN_STANDARD"/>
    <property name="SystemRoot" value="C:\Windows"/>
    <property name="CommonProgramFiles" value="C:\Program Files\Common Files"/>
    <property name="java.vm.specification.vendor" value="Oracle Corporation"/>
    <property name="file.separator" value="\"/>
    <property name="java.runtime.version" value="1.8.0_151-b12"/>
    <property name="sun.boot.class.path" value="C:\Program Files\Java\jdk1.8.0_151\jre\lib\resources.jar;C:\Program Files\Java\jdk1.8.0_151\jre\lib\rt.jar;C:\Program Files\Java\jdk1.8.0_151\jre\lib\sunrsasign.jar;C:\Program Files\Java\jdk1.8.0_151\jre\lib\jsse.jar;C:\Program Files\Java\jdk1.8.0_151\jre\lib\jce.jar;C:\Program Files\Java\jdk1.8.0_151\jre\lib\charsets.jar;C:\Program Files\Java\jdk1.8.0_151\jre\lib\jfr.jar;C:\Program Files\Java\jdk1.8.0_151\jre\classes"/>
    <property name="ProgramFiles" value="C:\Program Files"/>
    <property name="NODE_PATH" value="Z:\HTY\app\nodejs\node_modules"/>
    <property name="user.country" value="JP"/>
    <property name="POM_PACKAGING" value="jar"/>
    <property name="maven.home" value="C:\Program Files\apache-maven-3.5.2"/>
    <property name="ENDORSED_PROP" value="ignore.endorsed.dirs"/>
    <property name="JOB_BASE_NAME" value="Selenium"/>
    <property name="java.vendor" value="Oracle Corporation"/>
    <property name="POM_DISPLAYNAME" value="Selenium"/>
    <property name="java.specification.version" value="1.8"/>
    <property name="sun.arch.data.model" value="64"/>
    <property name="GIT_URL" value="https://github.com/zzzzyyyffff/Selenium.git"/>
  </properties>
</testsuite>